<?xml version="1.0" encoding="UTF-8"?>
<!-- Generated by org.testng.reporters.JUnitXMLReporter -->
<testsuite ignored="0" hostname="L-156090359" failures="0" tests="2" name="regressionTesting" time="56.119" errors="0" timestamp="04 Mar 2020 06:23:01 GMT">
  <testcase classname="testClass.ContactUsPage" name="sendingMessageSuccessfully" time="3.802"/>
  <testcase classname="testClass.ContactUsPage" name="sendingMessageWithoutEmailAddress" time="3.626"/>
</testsuite> <!-- regressionTesting -->
