<?xml version="1.0" encoding="UTF-8"?>
<testng-results ignored="0" total="2" passed="0" failed="2" skipped="0">
  <reporter-output>
  </reporter-output>
  <suite started-at="2020-03-10T04:39:28Z" name="Default suite" finished-at="2020-03-10T04:40:30Z" duration-ms="61909">
    <groups>
      <group name="regressionTest">
        <method signature="ContactUsPage.sendingMessageSuccessfully(java.lang.String)[pri:0, instance:testClass.ContactUsPage@752325ad]" name="sendingMessageSuccessfully" class="testClass.ContactUsPage"/>
      </group> <!-- regressionTest -->
      <group name="end2end">
        <method signature="ContactUsPage.sendingMessageSuccessfully(java.lang.String)[pri:0, instance:testClass.ContactUsPage@752325ad]" name="sendingMessageSuccessfully" class="testClass.ContactUsPage"/>
      </group> <!-- end2end -->
      <group name="functionalTest">
        <method signature="ContactUsPage.sendingMessageWithoutEmailAddress(java.lang.String)[pri:0, instance:testClass.ContactUsPage@752325ad]" name="sendingMessageWithoutEmailAddress" class="testClass.ContactUsPage"/>
      </group> <!-- functionalTest -->
      <group name="smokeTest">
        <method signature="ContactUsPage.sendingMessageWithoutEmailAddress(java.lang.String)[pri:0, instance:testClass.ContactUsPage@752325ad]" name="sendingMessageWithoutEmailAddress" class="testClass.ContactUsPage"/>
      </group> <!-- smokeTest -->
    </groups>
    <test started-at="2020-03-10T04:39:28Z" name="Default test" finished-at="2020-03-10T04:40:30Z" duration-ms="61909">
      <class name="testClass.ContactUsPage">
        <test-method is-config="true" signature="beforeMethod()[pri:0, instance:testClass.ContactUsPage@752325ad]" started-at="2020-03-10T04:39:28Z" name="beforeMethod" finished-at="2020-03-10T04:39:47Z" duration-ms="18708" status="PASS">
          <reporter-output>
          </reporter-output>
        </test-method> <!-- beforeMethod -->
        <test-method signature="sendingMessageSuccessfully(java.lang.String)[pri:0, instance:testClass.ContactUsPage@752325ad]" started-at="2020-03-10T04:39:47Z" name="sendingMessageSuccessfully" data-provider="textMessage" finished-at="2020-03-10T04:40:00Z" duration-ms="12533" status="FAIL">
          <params>
            <param index="0">
              <value>
                <![CDATA[I have some questions related to my Order that I would like to discuss. I have some questions related to my Order that I would like to discuss.]]>
              </value>
            </param>
          </params>
          <exception class="java.lang.NullPointerException">
            <full-stacktrace>
              <![CDATA[java.lang.NullPointerException
at testClass.ContactUsPage.sendingMessageSuccessfully(ContactUsPage.java:53)
at java.base/jdk.internal.reflect.NativeMethodAccessorImpl.invoke0(Native Method)
at java.base/jdk.internal.reflect.NativeMethodAccessorImpl.invoke(NativeMethodAccessorImpl.java:62)
at java.base/jdk.internal.reflect.DelegatingMethodAccessorImpl.invoke(DelegatingMethodAccessorImpl.java:43)
at java.base/java.lang.reflect.Method.invoke(Method.java:566)
at org.testng.internal.MethodInvocationHelper.invokeMethod(MethodInvocationHelper.java:124)
at org.testng.internal.Invoker.invokeMethod(Invoker.java:583)
at org.testng.internal.Invoker.invokeTestMethod(Invoker.java:719)
at org.testng.internal.Invoker.invokeTestMethods(Invoker.java:989)
at org.testng.internal.TestMethodWorker.invokeTestMethods(TestMethodWorker.java:125)
at org.testng.internal.TestMethodWorker.run(TestMethodWorker.java:109)
at org.testng.TestRunner.privateRun(TestRunner.java:648)
at org.testng.TestRunner.run(TestRunner.java:505)
at org.testng.SuiteRunner.runTest(SuiteRunner.java:455)
at org.testng.SuiteRunner.runSequentially(SuiteRunner.java:450)
at org.testng.SuiteRunner.privateRun(SuiteRunner.java:415)
at org.testng.SuiteRunner.run(SuiteRunner.java:364)
at org.testng.SuiteRunnerWorker.runSuite(SuiteRunnerWorker.java:52)
at org.testng.SuiteRunnerWorker.run(SuiteRunnerWorker.java:84)
at org.testng.TestNG.runSuitesSequentially(TestNG.java:1208)
at org.testng.TestNG.runSuitesLocally(TestNG.java:1137)
at org.testng.TestNG.runSuites(TestNG.java:1049)
at org.testng.TestNG.run(TestNG.java:1017)
at org.testng.remote.AbstractRemoteTestNG.run(AbstractRemoteTestNG.java:114)
at org.testng.remote.RemoteTestNG.initAndRun(RemoteTestNG.java:251)
at org.testng.remote.RemoteTestNG.main(RemoteTestNG.java:77)
]]>
            </full-stacktrace>
          </exception> <!-- java.lang.NullPointerException -->
          <reporter-output>
          </reporter-output>
        </test-method> <!-- sendingMessageSuccessfully -->
        <test-method is-config="true" signature="afterMethod()[pri:0, instance:testClass.ContactUsPage@752325ad]" started-at="2020-03-10T04:40:00Z" name="afterMethod" finished-at="2020-03-10T04:40:04Z" duration-ms="4481" status="PASS">
          <reporter-output>
          </reporter-output>
        </test-method> <!-- afterMethod -->
        <test-method is-config="true" signature="beforeMethod()[pri:0, instance:testClass.ContactUsPage@752325ad]" started-at="2020-03-10T04:40:04Z" name="beforeMethod" finished-at="2020-03-10T04:40:23Z" duration-ms="18579" status="PASS">
          <reporter-output>
          </reporter-output>
        </test-method> <!-- beforeMethod -->
        <test-method signature="sendingMessageWithoutEmailAddress(java.lang.String)[pri:0, instance:testClass.ContactUsPage@752325ad]" started-at="2020-03-10T04:40:23Z" name="sendingMessageWithoutEmailAddress" data-provider="textMessage" finished-at="2020-03-10T04:40:26Z" duration-ms="3228" status="FAIL">
          <params>
            <param index="0">
              <value>
                <![CDATA[I have some questions related to my Order that I would like to discuss. I have some questions related to my Order that I would like to discuss.]]>
              </value>
            </param>
          </params>
          <exception class="java.lang.NullPointerException">
            <full-stacktrace>
              <![CDATA[java.lang.NullPointerException
at testClass.ContactUsPage.sendingMessageWithoutEmailAddress(ContactUsPage.java:66)
at java.base/jdk.internal.reflect.NativeMethodAccessorImpl.invoke0(Native Method)
at java.base/jdk.internal.reflect.NativeMethodAccessorImpl.invoke(NativeMethodAccessorImpl.java:62)
at java.base/jdk.internal.reflect.DelegatingMethodAccessorImpl.invoke(DelegatingMethodAccessorImpl.java:43)
at java.base/java.lang.reflect.Method.invoke(Method.java:566)
at org.testng.internal.MethodInvocationHelper.invokeMethod(MethodInvocationHelper.java:124)
at org.testng.internal.Invoker.invokeMethod(Invoker.java:583)
at org.testng.internal.Invoker.invokeTestMethod(Invoker.java:719)
at org.testng.internal.Invoker.invokeTestMethods(Invoker.java:989)
at org.testng.internal.TestMethodWorker.invokeTestMethods(TestMethodWorker.java:125)
at org.testng.internal.TestMethodWorker.run(TestMethodWorker.java:109)
at org.testng.TestRunner.privateRun(TestRunner.java:648)
at org.testng.TestRunner.run(TestRunner.java:505)
at org.testng.SuiteRunner.runTest(SuiteRunner.java:455)
at org.testng.SuiteRunner.runSequentially(SuiteRunner.java:450)
at org.testng.SuiteRunner.privateRun(SuiteRunner.java:415)
at org.testng.SuiteRunner.run(SuiteRunner.java:364)
at org.testng.SuiteRunnerWorker.runSuite(SuiteRunnerWorker.java:52)
at org.testng.SuiteRunnerWorker.run(SuiteRunnerWorker.java:84)
at org.testng.TestNG.runSuitesSequentially(TestNG.java:1208)
at org.testng.TestNG.runSuitesLocally(TestNG.java:1137)
at org.testng.TestNG.runSuites(TestNG.java:1049)
at org.testng.TestNG.run(TestNG.java:1017)
at org.testng.remote.AbstractRemoteTestNG.run(AbstractRemoteTestNG.java:114)
at org.testng.remote.RemoteTestNG.initAndRun(RemoteTestNG.java:251)
at org.testng.remote.RemoteTestNG.main(RemoteTestNG.java:77)
]]>
            </full-stacktrace>
          </exception> <!-- java.lang.NullPointerException -->
          <reporter-output>
          </reporter-output>
        </test-method> <!-- sendingMessageWithoutEmailAddress -->
        <test-method is-config="true" signature="afterMethod()[pri:0, instance:testClass.ContactUsPage@752325ad]" started-at="2020-03-10T04:40:26Z" name="afterMethod" finished-at="2020-03-10T04:40:30Z" duration-ms="4321" status="PASS">
          <reporter-output>
          </reporter-output>
        </test-method> <!-- afterMethod -->
      </class> <!-- testClass.ContactUsPage -->
    </test> <!-- Default test -->
  </suite> <!-- Default suite -->
</testng-results>
